<?xml version="1.0" encoding="UTF-8"?>
<!-- Generated by org.testng.reporters.JUnitReportReporter -->
<testsuite hostname="YPTRNG13DT" name="runner.Runner2" tests="1" failures="0" timestamp="16 Dec 2018 05:43:25 GMT" time="44.522" errors="0">
  <testcase name="feature" time="44.522" classname="runner.Runner2"/>
</testsuite> <!-- runner.Runner2 -->
